2021-05-10T02:20:23.347+0200 INFO ---- FIND USER ON USERNAME user ----
2021-05-10T02:20:23.514+0200 INFO ---- GET ALL CAR ----
2021-05-10T02:21:14.515+0200 INFO ---- FIND USER ON USERNAME user ----
2021-05-10T02:21:14.559+0200 INFO ---- GET ALL CAR ----
2021-05-10T02:21:39.979+0200 INFO ---- FIND USER ON USERNAME user ----
2021-05-10T02:21:40.004+0200 INFO ---- GET ALL LOCALIZATION ----
2021-05-10T02:21:40.010+0200 INFO ---- FIND USER ON USERNAME user ----
2021-05-10T02:21:40.092+0200 INFO ---- GET CAR ID 17 ----
2021-05-10T02:21:57.901+0200 INFO ---- FIND USER ON USERNAME user ----
2021-05-10T02:21:57.902+0200 INFO ---- FIND USER ON USERNAME user ----
2021-05-10T02:21:58.075+0200 INFO ---- GET CAR ID 17 ----
2021-05-10T02:21:58.079+0200 INFO ---- USER ON ID 1 ----
2021-05-10T02:22:11.914+0200 INFO ---- FIND USER ON USERNAME user ----
2021-05-10T02:22:11.920+0200 INFO ---- FIND USER ON USERNAME user ----
2021-05-10T02:22:12.077+0200 INFO ---- SAVE RENT ID ----
2021-05-10T02:23:41.615+0200 INFO ---- FIND USER ON USERNAME user ----
2021-05-10T02:23:41.629+0200 INFO ---- GET ALL CAR ----
2021-05-10T02:23:46.553+0200 INFO ---- FIND USER ON USERNAME user ----
2021-05-10T02:23:46.556+0200 INFO ---- FIND USER ON USERNAME user ----
2021-05-10T02:23:46.577+0200 INFO ---- GET ALL LOCALIZATION ----
2021-05-10T02:23:46.582+0200 INFO ---- GET CAR ID 17 ----
2021-05-10T02:23:51.830+0200 INFO ---- FIND USER ON USERNAME user ----
2021-05-10T02:23:51.870+0200 INFO ---- FIND USER ON USERNAME user ----
2021-05-10T02:23:51.885+0200 INFO ---- GET ALL LOCALIZATION ----
2021-05-10T02:23:51.886+0200 INFO ---- GET CAR ID 17 ----
2021-05-10T02:23:58.180+0200 INFO ---- FIND USER ON USERNAME user ----
2021-05-10T02:23:58.180+0200 INFO ---- FIND USER ON USERNAME user ----
2021-05-10T02:23:58.222+0200 INFO ---- GET CAR ID 17 ----
2021-05-10T02:23:58.227+0200 INFO ---- USER ON ID 1 ----
2021-05-10T02:24:07.942+0200 INFO ---- FIND USER ON USERNAME user ----
2021-05-10T02:24:07.954+0200 INFO ---- GET ALL CAR ----
2021-05-10T14:50:53.768+0200 INFO ---- FIND USER ON USERNAME user ----
2021-05-10T14:50:53.953+0200 INFO ---- GET ALL CAR ----
2021-05-10T14:50:55.928+0200 INFO ---- FIND USER ON USERNAME user ----
2021-05-10T14:50:55.928+0200 INFO ---- FIND USER ON USERNAME user ----
2021-05-10T14:50:55.965+0200 INFO ---- GET ALL LOCALIZATION ----
2021-05-10T14:50:55.989+0200 INFO ---- GET CAR ID 1 ----
2021-05-10T14:51:04.971+0200 INFO ---- FIND USER ON USERNAME user ----
2021-05-10T14:51:04.988+0200 INFO ---- FIND USER ON USERNAME user ----
2021-05-10T14:51:05.018+0200 INFO ---- GET CAR ID 1 ----
2021-05-10T14:51:05.034+0200 INFO ---- USER ON ID 1 ----
2021-05-10T14:51:16.685+0200 INFO ---- FIND USER ON USERNAME user ----
2021-05-10T14:51:16.688+0200 INFO ---- FIND USER ON USERNAME user ----
2021-05-10T14:51:16.794+0200 INFO ---- SAVE RENT ID ----
2021-05-14T22:38:04.475+0200 INFO ---- FIND USER ON USERNAME user ----
2021-05-14T22:38:04.944+0200 INFO ---- GET ALL LOCALIZATION ----
2021-05-14T22:38:37.940+0200 ERROR ---- WRONG CAR ----
2021-05-14T22:41:19.582+0200 ERROR ---- WRONG CAR ----
2021-05-14T22:43:42.198+0200 ERROR ---- WRONG CAR ----
2021-05-14T22:44:04.938+0200 ERROR ---- WRONG CAR ----
2021-05-14T22:44:38.610+0200 ERROR ---- WRONG CAR ----
2021-05-14T22:45:20.325+0200 ERROR ---- WRONG CAR ----
2021-05-14T22:45:25.742+0200 INFO ---- GET CAR ID 1 ----
2021-05-14T22:50:33.064+0200 INFO ---- FIND USER ON USERNAME user ----
2021-05-14T22:50:33.254+0200 INFO ---- GET ALL LOCALIZATION ----
2021-05-14T22:50:44.074+0200 INFO ---- FIND USER ON USERNAME user ----
2021-05-14T22:50:44.103+0200 ERROR ---- WRONG CITY ----
2021-05-14T22:50:50.114+0200 INFO ---- FIND USER ON USERNAME user ----
2021-05-14T22:50:50.123+0200 INFO ---- FIND ALL CAR ON LOCALIZATION NAME Tarnow ----
2021-05-14T22:51:41.537+0200 INFO ---- FIND USER ON USERNAME user ----
2021-05-14T22:51:41.649+0200 INFO ---- FIND ALL CAR ON LOCALIZATION NAME Tarnow ----
2021-05-14T22:51:44.926+0200 INFO ---- FIND USER ON USERNAME user ----
2021-05-14T22:51:44.934+0200 ERROR ---- WRONG CITY ----
