2021-05-07T20:29:25.759+0200 INFO ---- GET ALL CAR ----
2021-05-07T20:30:16.767+0200 INFO ---- GET ALL CAR ----
2021-05-07T20:32:40.647+0200 INFO ---- GET ALL CAR ----
2021-05-08T01:27:33.989+0200 INFO ------Logowanie user:user
2021-05-08T01:28:32.408+0200 INFO ------Logowanie user:user
2021-05-08T01:29:52.466+0200 INFO ------Logowanie user:user
2021-05-08T01:30:51.704+0200 INFO ------Logowanie user:user
2021-05-08T01:32:03.150+0200 INFO ------Logowanie user:user
2021-05-08T01:33:01.921+0200 INFO ------Logowanie user:user
2021-05-08T01:33:06.568+0200 INFO ------Logowanie user:user
2021-05-08T01:35:07.050+0200 INFO ------Logowanie user:user
2021-05-08T01:38:14.744+0200 INFO ------Logowanie user:user
2021-05-08T01:38:23.361+0200 INFO ------Logowanie user:user
2021-05-08T01:41:46.749+0200 INFO ------Logowanie user:user
2021-05-08T01:41:50.729+0200 INFO ------Logowanie user:user
2021-05-08T01:41:52.399+0200 INFO ------Logowanie user:user
2021-05-08T14:45:18.609+0200 INFO ---- GET ALL CAR ----
2021-05-08T14:45:26.650+0200 INFO ------ Reservations displayed successfully ------
2021-05-08T14:55:04.729+0200 INFO ---- GET ALL CAR ----
2021-05-08T14:56:06.612+0200 INFO ------ Reservations displayed successfully ------
2021-05-08T18:16:57.202+0200 INFO ------Logowanie user:user
2021-05-08T18:17:20.645+0200 INFO ------ Reservations displayed successfully ------
2021-05-08T18:21:27.374+0200 INFO ------ Reservations displayed successfully ------
2021-05-08T18:21:57.530+0200 INFO ------ Reservations displayed successfully ------
2021-05-08T18:27:11.162+0200 INFO ------ Reservations displayed successfully ------
2021-05-08T18:28:09.854+0200 INFO ------ Reservations displayed successfully ------
2021-05-08T18:31:54.476+0200 INFO ------ Reservations added successfully ------
2021-05-08T18:39:17.635+0200 INFO ------ Reservations displayed successfully ------
2021-05-08T18:43:48.926+0200 INFO ------ Reservations displayed successfully ------
2021-05-08T18:44:48.007+0200 INFO ------ Reservations displayed successfully ------
2021-05-08T18:47:24.793+0200 INFO ------ Reservations displayed successfully ------
2021-05-08T18:48:38.739+0200 INFO ------ Reservations displayed successfully ------
2021-05-08T18:52:05.663+0200 INFO ------ Reservations displayed successfully ------
2021-05-08T18:59:23.262+0200 INFO ------ Reservations displayed successfully ------
2021-05-08T19:01:41.595+0200 INFO ------ Successfully displayed user bookings ------
